<?xml version="1.0" encoding="UTF-8"?>
<testsuite name="com.sparta.springprepare.calculator.CalculatorTest" tests="1" skipped="0" failures="0" errors="0" timestamp="2024-05-13T05:23:55" hostname="Youiui-MacBookPro.local" time="0.01">
  <properties/>
  <testcase name="더하기 테스트" classname="com.sparta.springprepare.calculator.CalculatorTest" time="0.01"/>
  <system-out><![CDATA[result = 10.0
]]></system-out>
  <system-err><![CDATA[]]></system-err>
</testsuite>
