<?xml version="1.0" encoding="UTF-8"?>
<testsuite name="com.sparta.springprepare.SpringPrepareApplicationTests" tests="1" skipped="0" failures="0" errors="0" timestamp="2024-05-13T07:15:54" hostname="Youiui-MacBookPro.local" time="0.394">
  <properties/>
  <testcase name="contextLoads()" classname="com.sparta.springprepare.SpringPrepareApplicationTests" time="0.394"/>
  <system-out><![CDATA[16:15:54.249 [Test worker] INFO org.springframework.test.context.support.AnnotationConfigContextLoaderUtils -- Could not detect default configuration classes for test class [com.sparta.springprepare.SpringPrepareApplicationTests]: SpringPrepareApplicationTests does not declare any static, non-private, non-final, nested classes annotated with @Configuration.
16:15:54.283 [Test worker] INFO org.springframework.boot.test.context.SpringBootTestContextBootstrapper -- Found @SpringBootConfiguration com.sparta.springprepare.SpringPrepareApplication for test class com.sparta.springprepare.SpringPrepareApplicationTests

  .   ____          _            __ _ _
 /\\ / ___'_ __ _ _(_)_ __  __ _ \ \ \ \
( ( )\___ | '_ | '_| | '_ \/ _` | \ \ \ \
 \\/  ___)| |_)| | | | | || (_| |  ) ) ) )
  '  |____| .__|_| |_|_| |_\__, | / / / /
 =========|_|==============|___/=/_/_/_/
 :: Spring Boot ::                (v3.2.5)

2024-05-13T16:15:54.415+09:00  INFO 24667 --- [spring-prepare] [    Test worker] c.s.s.SpringPrepareApplicationTests      : Starting SpringPrepareApplicationTests using Java 17.0.10 with PID 24667 (started by youihyonkim in /Users/youihyonkim/Desktop/project/2024/스파르타-내일배움/SpartaNbCamp-Study-JavaSpring/spring-prepare)
2024-05-13T16:15:54.416+09:00  INFO 24667 --- [spring-prepare] [    Test worker] c.s.s.SpringPrepareApplicationTests      : No active profile set, falling back to 1 default profile: "default"
2024-05-13T16:15:54.816+09:00  INFO 24667 --- [spring-prepare] [    Test worker] c.s.s.SpringPrepareApplicationTests      : Started SpringPrepareApplicationTests in 0.485 seconds (process running for 0.869)
]]></system-out>
  <system-err><![CDATA[]]></system-err>
</testsuite>
